<?xml version="1.0" encoding="UTF-8"?>
<testsuite name="com.mcgill.ecse321.GameShop.service.ReviewServiceTest" tests="20" skipped="0" failures="0" errors="0" timestamp="2024-11-09T02:15:20" hostname="Marcs-MacBook.local" time="0.221">
  <properties/>
  <testcase name="testGetCustomerFromReviewIdNotFound()" classname="com.mcgill.ecse321.GameShop.service.ReviewServiceTest" time="0.003"/>
  <testcase name="testCreateReview()" classname="com.mcgill.ecse321.GameShop.service.ReviewServiceTest" time="0.002"/>
  <testcase name="testGetCustormerFromInvalidReviewId()" classname="com.mcgill.ecse321.GameShop.service.ReviewServiceTest" time="0.002"/>
  <testcase name="testCreateReviewEmptyCustomerEmail()" classname="com.mcgill.ecse321.GameShop.service.ReviewServiceTest" time="0.002"/>
  <testcase name="testCreateReviewEmptyDescription()" classname="com.mcgill.ecse321.GameShop.service.ReviewServiceTest" time="0.002"/>
  <testcase name="testCreateReviewNotPositiveGameId()" classname="com.mcgill.ecse321.GameShop.service.ReviewServiceTest" time="0.002"/>
  <testcase name="testUpdateReviewRatingNotFound()" classname="com.mcgill.ecse321.GameShop.service.ReviewServiceTest" time="0.002"/>
  <testcase name="testUpdateReviewRatingInvalidReviewId()" classname="com.mcgill.ecse321.GameShop.service.ReviewServiceTest" time="0.002"/>
  <testcase name="testCreateReviewNullGameRating()" classname="com.mcgill.ecse321.GameShop.service.ReviewServiceTest" time="0.002"/>
  <testcase name="testCreateReviewNullCustomerEmail()" classname="com.mcgill.ecse321.GameShop.service.ReviewServiceTest" time="0.002"/>
  <testcase name="testCreateReviewInvalidGameId()" classname="com.mcgill.ecse321.GameShop.service.ReviewServiceTest" time="0.003"/>
  <testcase name="testUpdateReviewRatingInvalidRating()" classname="com.mcgill.ecse321.GameShop.service.ReviewServiceTest" time="0.009"/>
  <testcase name="testGetCustomerFromReviewId()" classname="com.mcgill.ecse321.GameShop.service.ReviewServiceTest" time="0.024"/>
  <testcase name="testFindByReviewId()" classname="com.mcgill.ecse321.GameShop.service.ReviewServiceTest" time="0.09"/>
  <testcase name="testFindByInvalidReviewId()" classname="com.mcgill.ecse321.GameShop.service.ReviewServiceTest" time="0.005"/>
  <testcase name="testCreatReviewNullDescrition()" classname="com.mcgill.ecse321.GameShop.service.ReviewServiceTest" time="0.014"/>
  <testcase name="testUpdateReviewRating2()" classname="com.mcgill.ecse321.GameShop.service.ReviewServiceTest" time="0.002"/>
  <testcase name="testUpdateReviewRating()" classname="com.mcgill.ecse321.GameShop.service.ReviewServiceTest" time="0.007"/>
  <testcase name="testCreateReviewInvalidCustomerEmail()" classname="com.mcgill.ecse321.GameShop.service.ReviewServiceTest" time="0.002"/>
  <testcase name="testFindByReviewIdNotFound()" classname="com.mcgill.ecse321.GameShop.service.ReviewServiceTest" time="0.007"/>
  <system-out><![CDATA[2024-11-08T21:15:20.842-05:00  INFO 86551 --- [GameShop] [    Test worker] t.c.s.AnnotationConfigContextLoaderUtils : Could not detect default configuration classes for test class [com.mcgill.ecse321.GameShop.service.ReviewServiceTest]: ReviewServiceTest does not declare any static, non-private, non-final, nested classes annotated with @Configuration.
2024-11-08T21:15:20.843-05:00  INFO 86551 --- [GameShop] [    Test worker] .b.t.c.SpringBootTestContextBootstrapper : Found @SpringBootConfiguration com.mcgill.ecse321.GameShop.GameShopApplication for test class com.mcgill.ecse321.GameShop.service.ReviewServiceTest
here
here
here
here
here
]]></system-out>
  <system-err><![CDATA[]]></system-err>
</testsuite>
