<?xml version="1.0" encoding="UTF-8"?>
<testsuite name="com.mcgill.ecse321.GameShop.repository.WishListRepositoryTests" tests="2" skipped="0" failures="0" errors="0" timestamp="2024-11-09T02:11:20" hostname="Marcs-MacBook.local" time="0.023">
  <properties/>
  <testcase name="testCreateAndReadWishList()" classname="com.mcgill.ecse321.GameShop.repository.WishListRepositoryTests" time="0.014"/>
  <testcase name="testUpdateWishListDetails()" classname="com.mcgill.ecse321.GameShop.repository.WishListRepositoryTests" time="0.009"/>
  <system-out><![CDATA[2024-11-08T21:11:20.359-05:00  INFO 86047 --- [GameShop] [    Test worker] t.c.s.AnnotationConfigContextLoaderUtils : Could not detect default configuration classes for test class [com.mcgill.ecse321.GameShop.repository.WishListRepositoryTests]: WishListRepositoryTests does not declare any static, non-private, non-final, nested classes annotated with @Configuration.
2024-11-08T21:11:20.360-05:00  INFO 86047 --- [GameShop] [    Test worker] .b.t.c.SpringBootTestContextBootstrapper : Found @SpringBootConfiguration com.mcgill.ecse321.GameShop.GameShopApplication for test class com.mcgill.ecse321.GameShop.repository.WishListRepositoryTests
]]></system-out>
  <system-err><![CDATA[]]></system-err>
</testsuite>
