<?xml version="1.0" encoding="UTF-8"?>
<testsuite name="com.mcgill.ecse321.GameShop.service.GameServiceTests" tests="67" skipped="0" failures="0" errors="0" timestamp="2024-11-09T02:11:20" hostname="Marcs-MacBook.local" time="0.197">
  <properties/>
  <testcase name="testUpdateGamePhotoUrlWithEmptyPhotoUrl()" classname="com.mcgill.ecse321.GameShop.service.GameServiceTests" time="0.003"/>
  <testcase name="testAddCategoryToGame_GameNotFound()" classname="com.mcgill.ecse321.GameShop.service.GameServiceTests" time="0.002"/>
  <testcase name="testGetGamesByStatus_NullStatus()" classname="com.mcgill.ecse321.GameShop.service.GameServiceTests" time="0.002"/>
  <testcase name="testUpdateGameDescription()" classname="com.mcgill.ecse321.GameShop.service.GameServiceTests" time="0.003"/>
  <testcase name="testAddPlatformToGame_Successful()" classname="com.mcgill.ecse321.GameShop.service.GameServiceTests" time="0.003"/>
  <testcase name="testUpdateGameTitleWithNullTitle()" classname="com.mcgill.ecse321.GameShop.service.GameServiceTests" time="0.002"/>
  <testcase name="testUpdateGameStatusWithNullStatus()" classname="com.mcgill.ecse321.GameShop.service.GameServiceTests" time="0.002"/>
  <testcase name="testAddPlatform_NonExistentPlatform()" classname="com.mcgill.ecse321.GameShop.service.GameServiceTests" time="0.002"/>
  <testcase name="testUpdateGameStatus()" classname="com.mcgill.ecse321.GameShop.service.GameServiceTests" time="0.002"/>
  <testcase name="testUpdateGamePrice_ZeroPrice()" classname="com.mcgill.ecse321.GameShop.service.GameServiceTests" time="0.002"/>
  <testcase name="testDeleteGame_GameNotFound()" classname="com.mcgill.ecse321.GameShop.service.GameServiceTests" time="0.002"/>
  <testcase name="testUpdateGamePrice_NegativePrice()" classname="com.mcgill.ecse321.GameShop.service.GameServiceTests" time="0.002"/>
  <testcase name="testUpdateGamePlatforms_EmptyPlatforms()" classname="com.mcgill.ecse321.GameShop.service.GameServiceTests" time="0.002"/>
  <testcase name="testUpdateGameStockQuantityWithNegativeValue()" classname="com.mcgill.ecse321.GameShop.service.GameServiceTests" time="0.002"/>
  <testcase name="testUpdateGameDescriptionWithEmptyDescription()" classname="com.mcgill.ecse321.GameShop.service.GameServiceTests" time="0.002"/>
  <testcase name="testGetAllGames()" classname="com.mcgill.ecse321.GameShop.service.GameServiceTests" time="0.002"/>
  <testcase name="testUpdateCategories_AddDuplicateCategories()" classname="com.mcgill.ecse321.GameShop.service.GameServiceTests" time="0.002"/>
  <testcase name="testCreateGameNullDescription()" classname="com.mcgill.ecse321.GameShop.service.GameServiceTests" time="0.002"/>
  <testcase name="testUpdateCategories_CategoryNotFound()" classname="com.mcgill.ecse321.GameShop.service.GameServiceTests" time="0.002"/>
  <testcase name="testCreateGameEmptyDescription()" classname="com.mcgill.ecse321.GameShop.service.GameServiceTests" time="0.002"/>
  <testcase name="testUpdatePlatforms_Successful()" classname="com.mcgill.ecse321.GameShop.service.GameServiceTests" time="0.002"/>
  <testcase name="testCreateGameEmptyTitle()" classname="com.mcgill.ecse321.GameShop.service.GameServiceTests" time="0.002"/>
  <testcase name="testDeleteGame_Successful()" classname="com.mcgill.ecse321.GameShop.service.GameServiceTests" time="0.002"/>
  <testcase name="testUpdateGameTitleWithInvalidId()" classname="com.mcgill.ecse321.GameShop.service.GameServiceTests" time="0.002"/>
  <testcase name="testFindGameByInvalidId()" classname="com.mcgill.ecse321.GameShop.service.GameServiceTests" time="0.001"/>
  <testcase name="testFindGamesByTitle_NullTitle()" classname="com.mcgill.ecse321.GameShop.service.GameServiceTests" time="0.002"/>
  <testcase name="testFindGameById()" classname="com.mcgill.ecse321.GameShop.service.GameServiceTests" time="0.002"/>
  <testcase name="testGetGamesByStatus_ValidResults()" classname="com.mcgill.ecse321.GameShop.service.GameServiceTests" time="0.002"/>
  <testcase name="testUpdateGamePhotoUrlWithNullPhotoUrl()" classname="com.mcgill.ecse321.GameShop.service.GameServiceTests" time="0.002"/>
  <testcase name="testFindGamesByTitle()" classname="com.mcgill.ecse321.GameShop.service.GameServiceTests" time="0.002"/>
  <testcase name="testUpdateCategories_Successful()" classname="com.mcgill.ecse321.GameShop.service.GameServiceTests" time="0.002"/>
  <testcase name="testAddPlatformToGame_PlatformNotFound()" classname="com.mcgill.ecse321.GameShop.service.GameServiceTests" time="0.002"/>
  <testcase name="testFindGameByInvalidIdValue()" classname="com.mcgill.ecse321.GameShop.service.GameServiceTests" time="0.002"/>
  <testcase name="testUpdateCategories_NullCategories()" classname="com.mcgill.ecse321.GameShop.service.GameServiceTests" time="0.002"/>
  <testcase name="testFindGamesByTitle_EmptyTitle()" classname="com.mcgill.ecse321.GameShop.service.GameServiceTests" time="0.001"/>
  <testcase name="testAddCategoryToGame_Successful()" classname="com.mcgill.ecse321.GameShop.service.GameServiceTests" time="0.002"/>
  <testcase name="testUpdatePlatforms_AddDuplicatePlatforms()" classname="com.mcgill.ecse321.GameShop.service.GameServiceTests" time="0.005"/>
  <testcase name="testUpdateGameStockQuantity()" classname="com.mcgill.ecse321.GameShop.service.GameServiceTests" time="0.002"/>
  <testcase name="testAddCategory_InvalidCategoryId()" classname="com.mcgill.ecse321.GameShop.service.GameServiceTests" time="0.003"/>
  <testcase name="testUpdatePlatforms_NullPlatforms()" classname="com.mcgill.ecse321.GameShop.service.GameServiceTests" time="0.002"/>
  <testcase name="testAddCategoryToGame_invalidGameId()" classname="com.mcgill.ecse321.GameShop.service.GameServiceTests" time="0.002"/>
  <testcase name="testCreateGameZeroPrice()" classname="com.mcgill.ecse321.GameShop.service.GameServiceTests" time="0.002"/>
  <testcase name="testUpdateGamePhotoUrl()" classname="com.mcgill.ecse321.GameShop.service.GameServiceTests" time="0.002"/>
  <testcase name="testAddPlatform_PlatformAlreadyExists()" classname="com.mcgill.ecse321.GameShop.service.GameServiceTests" time="0.002"/>
  <testcase name="testCreateGame()" classname="com.mcgill.ecse321.GameShop.service.GameServiceTests" time="0.001"/>
  <testcase name="testUpdatePlatforms_PlatformNotFound()" classname="com.mcgill.ecse321.GameShop.service.GameServiceTests" time="0.002"/>
  <testcase name="testAddCategory_NonExistentGame()" classname="com.mcgill.ecse321.GameShop.service.GameServiceTests" time="0.002"/>
  <testcase name="testAddPlatform_InvalidGameId()" classname="com.mcgill.ecse321.GameShop.service.GameServiceTests" time="0.002"/>
  <testcase name="testAddCategoryToGame_CategoryNotFound()" classname="com.mcgill.ecse321.GameShop.service.GameServiceTests" time="0.002"/>
  <testcase name="testAddPlatform_NonExistentGame()" classname="com.mcgill.ecse321.GameShop.service.GameServiceTests" time="0.002"/>
  <testcase name="testUpdateGameTitleWithEmptyTitle()" classname="com.mcgill.ecse321.GameShop.service.GameServiceTests" time="0.002"/>
  <testcase name="testCreateGameNegativePrice()" classname="com.mcgill.ecse321.GameShop.service.GameServiceTests" time="0.002"/>
  <testcase name="testUpdateGamePrice_Successful()" classname="com.mcgill.ecse321.GameShop.service.GameServiceTests" time="0.002"/>
  <testcase name="testUpdateGameDescriptionWithNullDescription()" classname="com.mcgill.ecse321.GameShop.service.GameServiceTests" time="0.002"/>
  <testcase name="testCreateGameNullTitle()" classname="com.mcgill.ecse321.GameShop.service.GameServiceTests" time="0.001"/>
  <testcase name="testAddPlatformToGame_GameNotFound()" classname="com.mcgill.ecse321.GameShop.service.GameServiceTests" time="0.002"/>
  <testcase name="testAddPlatform_InvalidPlatformId()" classname="com.mcgill.ecse321.GameShop.service.GameServiceTests" time="0.001"/>
  <testcase name="testCreateGameNegativeStockQuantity()" classname="com.mcgill.ecse321.GameShop.service.GameServiceTests" time="0.002"/>
  <testcase name="testGetGamesByStatus_InvalidStatus()" classname="com.mcgill.ecse321.GameShop.service.GameServiceTests" time="0.001"/>
  <testcase name="testAddCategory_CategoryAlreadyExists()" classname="com.mcgill.ecse321.GameShop.service.GameServiceTests" time="0.002"/>
  <testcase name="testCreateGameNullPhotoUrl()" classname="com.mcgill.ecse321.GameShop.service.GameServiceTests" time="0.002"/>
  <testcase name="testAddCategory_NonExistentCategory()" classname="com.mcgill.ecse321.GameShop.service.GameServiceTests" time="0.002"/>
  <testcase name="testUpdateGameTitle()" classname="com.mcgill.ecse321.GameShop.service.GameServiceTests" time="0.002"/>
  <testcase name="testCreateGameNullGameStatus()" classname="com.mcgill.ecse321.GameShop.service.GameServiceTests" time="0.002"/>
  <testcase name="testCreateGameEmptyPhotoUrl()" classname="com.mcgill.ecse321.GameShop.service.GameServiceTests" time="0.002"/>
  <testcase name="testUpdateGameCategories_EmptyCategories()" classname="com.mcgill.ecse321.GameShop.service.GameServiceTests" time="0.002"/>
  <testcase name="testFindGamesByTitle_notFound()" classname="com.mcgill.ecse321.GameShop.service.GameServiceTests" time="0.002"/>
  <system-out><![CDATA[2024-11-08T21:11:20.827-05:00  INFO 86047 --- [GameShop] [    Test worker] t.c.s.AnnotationConfigContextLoaderUtils : Could not detect default configuration classes for test class [com.mcgill.ecse321.GameShop.service.GameServiceTests]: GameServiceTests does not declare any static, non-private, non-final, nested classes annotated with @Configuration.
2024-11-08T21:11:20.828-05:00  INFO 86047 --- [GameShop] [    Test worker] .b.t.c.SpringBootTestContextBootstrapper : Found @SpringBootConfiguration com.mcgill.ecse321.GameShop.GameShopApplication for test class com.mcgill.ecse321.GameShop.service.GameServiceTests
]]></system-out>
  <system-err><![CDATA[]]></system-err>
</testsuite>
