<?xml version="1.0" encoding="UTF-8"?>
<testsuite name="com.mcgill.ecse321.GameShop.service.CategoryServiceTests" tests="22" skipped="0" failures="0" errors="0" timestamp="2024-11-09T02:15:20" hostname="Marcs-MacBook.local" time="0.151">
  <properties/>
  <testcase name="testGetCategoryWithInvalidIdValue()" classname="com.mcgill.ecse321.GameShop.service.CategoryServiceTests" time="0.031"/>
  <testcase name="testGetCategoryByInvalidId()" classname="com.mcgill.ecse321.GameShop.service.CategoryServiceTests" time="0.021"/>
  <testcase name="testGetAllCategories()" classname="com.mcgill.ecse321.GameShop.service.CategoryServiceTests" time="0.004"/>
  <testcase name="testCreateCategoryWithEmptyManagerEmail()" classname="com.mcgill.ecse321.GameShop.service.CategoryServiceTests" time="0.005"/>
  <testcase name="testCreateValidCategory()" classname="com.mcgill.ecse321.GameShop.service.CategoryServiceTests" time="0.004"/>
  <testcase name="testUpdateCategoryWithInvalidId()" classname="com.mcgill.ecse321.GameShop.service.CategoryServiceTests" time="0.004"/>
  <testcase name="testGetAllGamesInCategoryWithNoGames()" classname="com.mcgill.ecse321.GameShop.service.CategoryServiceTests" time="0.003"/>
  <testcase name="testUpdateCategory()" classname="com.mcgill.ecse321.GameShop.service.CategoryServiceTests" time="0.004"/>
  <testcase name="testUpdateCategoryWithEmptyName()" classname="com.mcgill.ecse321.GameShop.service.CategoryServiceTests" time="0.004"/>
  <testcase name="testDeleteCategoryWithAssociatedGames()" classname="com.mcgill.ecse321.GameShop.service.CategoryServiceTests" time="0.004"/>
  <testcase name="testDeleteCategoryWithInvalidId()" classname="com.mcgill.ecse321.GameShop.service.CategoryServiceTests" time="0.003"/>
  <testcase name="testCreateCategoryWithNullManagerEmail()" classname="com.mcgill.ecse321.GameShop.service.CategoryServiceTests" time="0.003"/>
  <testcase name="testCreateCategoryWithNonExistentManager()" classname="com.mcgill.ecse321.GameShop.service.CategoryServiceTests" time="0.003"/>
  <testcase name="testGetAllCategoriesEmpty()" classname="com.mcgill.ecse321.GameShop.service.CategoryServiceTests" time="0.003"/>
  <testcase name="testDeleteCategoryWithInvalidIdValue()" classname="com.mcgill.ecse321.GameShop.service.CategoryServiceTests" time="0.003"/>
  <testcase name="testGetAllGamesInCategory()" classname="com.mcgill.ecse321.GameShop.service.CategoryServiceTests" time="0.003"/>
  <testcase name="testCreateCategoryWithNullName()" classname="com.mcgill.ecse321.GameShop.service.CategoryServiceTests" time="0.003"/>
  <testcase name="testDeleteCategory()" classname="com.mcgill.ecse321.GameShop.service.CategoryServiceTests" time="0.002"/>
  <testcase name="testGetCategoryByValidId()" classname="com.mcgill.ecse321.GameShop.service.CategoryServiceTests" time="0.003"/>
  <testcase name="testUpdateCategoryWithNullName()" classname="com.mcgill.ecse321.GameShop.service.CategoryServiceTests" time="0.003"/>
  <testcase name="testGetAllGamesInCategoryWithInvalidId()" classname="com.mcgill.ecse321.GameShop.service.CategoryServiceTests" time="0.003"/>
  <testcase name="testCreateCategoryWithEmptyName()" classname="com.mcgill.ecse321.GameShop.service.CategoryServiceTests" time="0.003"/>
  <system-out><![CDATA[2024-11-08T21:15:20.088-05:00  INFO 86551 --- [GameShop] [    Test worker] t.c.s.AnnotationConfigContextLoaderUtils : Could not detect default configuration classes for test class [com.mcgill.ecse321.GameShop.service.CategoryServiceTests]: CategoryServiceTests does not declare any static, non-private, non-final, nested classes annotated with @Configuration.
2024-11-08T21:15:20.093-05:00  INFO 86551 --- [GameShop] [    Test worker] .b.t.c.SpringBootTestContextBootstrapper : Found @SpringBootConfiguration com.mcgill.ecse321.GameShop.GameShopApplication for test class com.mcgill.ecse321.GameShop.service.CategoryServiceTests
]]></system-out>
  <system-err><![CDATA[]]></system-err>
</testsuite>
