<?xml version="1.0" encoding="UTF-8"?>
<testsuite name="com.mcgill.ecse321.GameShop.integration.AccountIntegrationTests" tests="10" skipped="0" failures="0" errors="0" timestamp="2024-11-09T02:09:05" hostname="Marcs-MacBook.local" time="0.572">
  <properties/>
  <testcase name="testCreateValidManager()" classname="com.mcgill.ecse321.GameShop.integration.AccountIntegrationTests" time="0.458"/>
  <testcase name="testCreateValidEmployee()" classname="com.mcgill.ecse321.GameShop.integration.AccountIntegrationTests" time="0.013"/>
  <testcase name="testCreateValidCustomer()" classname="com.mcgill.ecse321.GameShop.integration.AccountIntegrationTests" time="0.025"/>
  <testcase name="testGetValidCustomerByEmail()" classname="com.mcgill.ecse321.GameShop.integration.AccountIntegrationTests" time="0.014"/>
  <testcase name="testGetValidEmployeeByEmail()" classname="com.mcgill.ecse321.GameShop.integration.AccountIntegrationTests" time="0.005"/>
  <testcase name="testGetValidManagerByEmail()" classname="com.mcgill.ecse321.GameShop.integration.AccountIntegrationTests" time="0.009"/>
  <testcase name="testGetValidCustomers()" classname="com.mcgill.ecse321.GameShop.integration.AccountIntegrationTests" time="0.017"/>
  <testcase name="testGetValidEmployees()" classname="com.mcgill.ecse321.GameShop.integration.AccountIntegrationTests" time="0.014"/>
  <testcase name="testUpdateValidAccount()" classname="com.mcgill.ecse321.GameShop.integration.AccountIntegrationTests" time="0.01"/>
  <testcase name="testArchiveValidEmployee()" classname="com.mcgill.ecse321.GameShop.integration.AccountIntegrationTests" time="0.005"/>
  <system-out><![CDATA[2024-11-08T21:09:04.999-05:00  INFO 85838 --- [GameShop] [    Test worker] t.c.s.AnnotationConfigContextLoaderUtils : Could not detect default configuration classes for test class [com.mcgill.ecse321.GameShop.integration.AccountIntegrationTests]: AccountIntegrationTests does not declare any static, non-private, non-final, nested classes annotated with @Configuration.
2024-11-08T21:09:05.005-05:00  INFO 85838 --- [GameShop] [    Test worker] .b.t.c.SpringBootTestContextBootstrapper : Found @SpringBootConfiguration com.mcgill.ecse321.GameShop.GameShopApplication for test class com.mcgill.ecse321.GameShop.integration.AccountIntegrationTests

  .   ____          _            __ _ _
 /\\ / ___'_ __ _ _(_)_ __  __ _ \ \ \ \
( ( )\___ | '_ | '_| | '_ \/ _` | \ \ \ \
 \\/  ___)| |_)| | | | | || (_| |  ) ) ) )
  '  |____| .__|_| |_|_| |_\__, | / / / /
 =========|_|==============|___/=/_/_/_/

 :: Spring Boot ::                (v3.3.4)

2024-11-08T21:09:05.017-05:00  INFO 85838 --- [GameShop] [    Test worker] c.m.e.G.i.AccountIntegrationTests        : Starting AccountIntegrationTests using Java 21.0.4 with PID 85838 (started by marcgermanos in /Users/marcgermanos/Desktop/project-group-10/GameShop)
2024-11-08T21:09:05.017-05:00  INFO 85838 --- [GameShop] [    Test worker] c.m.e.G.i.AccountIntegrationTests        : No active profile set, falling back to 1 default profile: "default"
2024-11-08T21:09:05.107-05:00  INFO 85838 --- [GameShop] [    Test worker] .s.d.r.c.RepositoryConfigurationDelegate : Bootstrapping Spring Data JPA repositories in DEFAULT mode.
2024-11-08T21:09:05.116-05:00  INFO 85838 --- [GameShop] [    Test worker] .s.d.r.c.RepositoryConfigurationDelegate : Finished Spring Data repository scanning in 8 ms. Found 15 JPA repository interfaces.
2024-11-08T21:09:05.224-05:00  INFO 85838 --- [GameShop] [    Test worker] o.s.b.w.embedded.tomcat.TomcatWebServer  : Tomcat initialized with port 0 (http)
2024-11-08T21:09:05.233-05:00  INFO 85838 --- [GameShop] [    Test worker] o.apache.catalina.core.StandardService   : Starting service [Tomcat]
2024-11-08T21:09:05.233-05:00  INFO 85838 --- [GameShop] [    Test worker] o.apache.catalina.core.StandardEngine    : Starting Servlet engine: [Apache Tomcat/10.1.30]
2024-11-08T21:09:05.263-05:00  INFO 85838 --- [GameShop] [    Test worker] o.a.c.c.C.[Tomcat].[localhost].[/]       : Initializing Spring embedded WebApplicationContext
2024-11-08T21:09:05.264-05:00  INFO 85838 --- [GameShop] [    Test worker] w.s.c.ServletWebServerApplicationContext : Root WebApplicationContext: initialization completed in 245 ms
2024-11-08T21:09:05.301-05:00  INFO 85838 --- [GameShop] [    Test worker] o.hibernate.jpa.internal.util.LogHelper  : HHH000204: Processing PersistenceUnitInfo [name: default]
2024-11-08T21:09:05.303-05:00  INFO 85838 --- [GameShop] [    Test worker] o.h.c.internal.RegionFactoryInitiator    : HHH000026: Second-level cache disabled
2024-11-08T21:09:05.306-05:00  INFO 85838 --- [GameShop] [    Test worker] o.s.o.j.p.SpringPersistenceUnitInfo      : No LoadTimeWeaver setup: ignoring JPA class transformer
2024-11-08T21:09:05.307-05:00  INFO 85838 --- [GameShop] [    Test worker] com.zaxxer.hikari.HikariDataSource       : HikariPool-2 - Starting...
2024-11-08T21:09:05.315-05:00  INFO 85838 --- [GameShop] [    Test worker] com.zaxxer.hikari.pool.HikariPool        : HikariPool-2 - Added connection org.postgresql.jdbc.PgConnection@64a23d65
2024-11-08T21:09:05.315-05:00  INFO 85838 --- [GameShop] [    Test worker] com.zaxxer.hikari.HikariDataSource       : HikariPool-2 - Start completed.
2024-11-08T21:09:05.317-05:00  WARN 85838 --- [GameShop] [    Test worker] org.hibernate.orm.deprecation            : HHH90000025: PostgreSQLDialect does not need to be specified explicitly using 'hibernate.dialect' (remove the property setting and it will be selected by default)
2024-11-08T21:09:05.396-05:00  INFO 85838 --- [GameShop] [    Test worker] o.h.m.i.EntityInstantiatorPojoStandard   : HHH000182: No default (no-argument) constructor for class: com.mcgill.ecse321.GameShop.model.Order (class must be instantiated by Interceptor)
2024-11-08T21:09:05.437-05:00  INFO 85838 --- [GameShop] [    Test worker] o.h.e.t.j.p.i.JtaPlatformInitiator       : HHH000489: No JTA platform available (set 'hibernate.transaction.jta.platform' to enable JTA platform integration)
2024-11-08T21:09:05.573-05:00  INFO 85838 --- [GameShop] [    Test worker] j.LocalContainerEntityManagerFactoryBean : Initialized JPA EntityManagerFactory for persistence unit 'default'
2024-11-08T21:09:05.624-05:00  WARN 85838 --- [GameShop] [    Test worker] JpaBaseConfiguration$JpaWebConfiguration : spring.jpa.open-in-view is enabled by default. Therefore, database queries may be performed during view rendering. Explicitly configure spring.jpa.open-in-view to disable this warning
2024-11-08T21:09:05.716-05:00  INFO 85838 --- [GameShop] [    Test worker] o.s.b.w.embedded.tomcat.TomcatWebServer  : Tomcat started on port 50754 (http) with context path '/'
2024-11-08T21:09:05.718-05:00  INFO 85838 --- [GameShop] [    Test worker] c.m.e.G.i.AccountIntegrationTests        : Started AccountIntegrationTests in 0.712 seconds (process running for 5.06)
2024-11-08T21:09:05.807-05:00  INFO 85838 --- [GameShop] [o-auto-1-exec-1] o.a.c.c.C.[Tomcat].[localhost].[/]       : Initializing Spring DispatcherServlet 'dispatcherServlet'
2024-11-08T21:09:05.807-05:00  INFO 85838 --- [GameShop] [o-auto-1-exec-1] o.s.web.servlet.DispatcherServlet        : Initializing Servlet 'dispatcherServlet'
2024-11-08T21:09:05.808-05:00  INFO 85838 --- [GameShop] [o-auto-1-exec-1] o.s.web.servlet.DispatcherServlet        : Completed initialization in 1 ms
]]></system-out>
  <system-err><![CDATA[]]></system-err>
</testsuite>
