<?xml version="1.0" encoding="UTF-8"?>
<testsuite name="com.mcgill.ecse321.GameShop.GameShopApplicationTests" tests="1" skipped="0" failures="0" errors="0" timestamp="2024-11-09T02:11:17" hostname="Marcs-MacBook.local" time="0.31">
  <properties/>
  <testcase name="contextLoads()" classname="com.mcgill.ecse321.GameShop.GameShopApplicationTests" time="0.31"/>
  <system-out><![CDATA[21:11:14.660 [Test worker] INFO org.springframework.test.context.support.AnnotationConfigContextLoaderUtils -- Could not detect default configuration classes for test class [com.mcgill.ecse321.GameShop.GameShopApplicationTests]: GameShopApplicationTests does not declare any static, non-private, non-final, nested classes annotated with @Configuration.
21:11:14.730 [Test worker] INFO org.springframework.boot.test.context.SpringBootTestContextBootstrapper -- Found @SpringBootConfiguration com.mcgill.ecse321.GameShop.GameShopApplication for test class com.mcgill.ecse321.GameShop.GameShopApplicationTests

  .   ____          _            __ _ _
 /\\ / ___'_ __ _ _(_)_ __  __ _ \ \ \ \
( ( )\___ | '_ | '_| | '_ \/ _` | \ \ \ \
 \\/  ___)| |_)| | | | | || (_| |  ) ) ) )
  '  |____| .__|_| |_|_| |_\__, | / / / /
 =========|_|==============|___/=/_/_/_/

 :: Spring Boot ::                (v3.3.4)

2024-11-08T21:11:14.944-05:00  INFO 86047 --- [GameShop] [    Test worker] c.m.e.GameShop.GameShopApplicationTests  : Starting GameShopApplicationTests using Java 21.0.4 with PID 86047 (started by marcgermanos in /Users/marcgermanos/Desktop/project-group-10/GameShop)
2024-11-08T21:11:14.946-05:00  INFO 86047 --- [GameShop] [    Test worker] c.m.e.GameShop.GameShopApplicationTests  : No active profile set, falling back to 1 default profile: "default"
2024-11-08T21:11:15.382-05:00  INFO 86047 --- [GameShop] [    Test worker] .s.d.r.c.RepositoryConfigurationDelegate : Bootstrapping Spring Data JPA repositories in DEFAULT mode.
2024-11-08T21:11:15.427-05:00  INFO 86047 --- [GameShop] [    Test worker] .s.d.r.c.RepositoryConfigurationDelegate : Finished Spring Data repository scanning in 37 ms. Found 15 JPA repository interfaces.
2024-11-08T21:11:15.671-05:00  INFO 86047 --- [GameShop] [    Test worker] o.hibernate.jpa.internal.util.LogHelper  : HHH000204: Processing PersistenceUnitInfo [name: default]
2024-11-08T21:11:15.703-05:00  INFO 86047 --- [GameShop] [    Test worker] org.hibernate.Version                    : HHH000412: Hibernate ORM core version 6.5.3.Final
2024-11-08T21:11:15.722-05:00  INFO 86047 --- [GameShop] [    Test worker] o.h.c.internal.RegionFactoryInitiator    : HHH000026: Second-level cache disabled
2024-11-08T21:11:15.909-05:00  INFO 86047 --- [GameShop] [    Test worker] o.s.o.j.p.SpringPersistenceUnitInfo      : No LoadTimeWeaver setup: ignoring JPA class transformer
2024-11-08T21:11:15.929-05:00  INFO 86047 --- [GameShop] [    Test worker] com.zaxxer.hikari.HikariDataSource       : HikariPool-1 - Starting...
2024-11-08T21:11:16.059-05:00  INFO 86047 --- [GameShop] [    Test worker] com.zaxxer.hikari.pool.HikariPool        : HikariPool-1 - Added connection org.postgresql.jdbc.PgConnection@309d298
2024-11-08T21:11:16.060-05:00  INFO 86047 --- [GameShop] [    Test worker] com.zaxxer.hikari.HikariDataSource       : HikariPool-1 - Start completed.
2024-11-08T21:11:16.082-05:00  WARN 86047 --- [GameShop] [    Test worker] org.hibernate.orm.deprecation            : HHH90000025: PostgreSQLDialect does not need to be specified explicitly using 'hibernate.dialect' (remove the property setting and it will be selected by default)
2024-11-08T21:11:16.649-05:00  INFO 86047 --- [GameShop] [    Test worker] o.h.m.i.EntityInstantiatorPojoStandard   : HHH000182: No default (no-argument) constructor for class: com.mcgill.ecse321.GameShop.model.Order (class must be instantiated by Interceptor)
2024-11-08T21:11:16.833-05:00  INFO 86047 --- [GameShop] [    Test worker] o.h.e.t.j.p.i.JtaPlatformInitiator       : HHH000489: No JTA platform available (set 'hibernate.transaction.jta.platform' to enable JTA platform integration)
2024-11-08T21:11:17.000-05:00  INFO 86047 --- [GameShop] [    Test worker] j.LocalContainerEntityManagerFactoryBean : Initialized JPA EntityManagerFactory for persistence unit 'default'
2024-11-08T21:11:17.399-05:00  WARN 86047 --- [GameShop] [    Test worker] JpaBaseConfiguration$JpaWebConfiguration : spring.jpa.open-in-view is enabled by default. Therefore, database queries may be performed during view rendering. Explicitly configure spring.jpa.open-in-view to disable this warning
2024-11-08T21:11:17.650-05:00  INFO 86047 --- [GameShop] [    Test worker] c.m.e.GameShop.GameShopApplicationTests  : Started GameShopApplicationTests in 2.837 seconds (process running for 3.706)
]]></system-out>
  <system-err><![CDATA[WARNING: A Java agent has been loaded dynamically (/Users/marcgermanos/.gradle/caches/modules-2/files-2.1/net.bytebuddy/byte-buddy-agent/1.14.19/154da3a65b4f4a909d3e5bdec55d1b2b4cbb6ce1/byte-buddy-agent-1.14.19.jar)
WARNING: If a serviceability tool is in use, please run with -XX:+EnableDynamicAgentLoading to hide this warning
WARNING: If a serviceability tool is not in use, please run with -Djdk.instrument.traceUsage for more information
WARNING: Dynamic loading of agents will be disallowed by default in a future release
]]></system-err>
</testsuite>
