<?xml version="1.0" encoding="UTF-8"?>
<testsuite name="com.mcgill.ecse321.GameShop.service.WishListServiceTests" tests="30" skipped="0" failures="0" errors="0" timestamp="2024-11-09T02:16:23" hostname="Marcs-MacBook.local" time="0.137">
  <properties/>
  <testcase name="testGetGameInWishList_GameNotFound()" classname="com.mcgill.ecse321.GameShop.service.WishListServiceTests" time="0.004"/>
  <testcase name="testGetGamesInWishList_InvalidWishlistId()" classname="com.mcgill.ecse321.GameShop.service.WishListServiceTests" time="0.003"/>
  <testcase name="testCreateWishlist_Successful()" classname="com.mcgill.ecse321.GameShop.service.WishListServiceTests" time="0.004"/>
  <testcase name="testGetWishlistSize_Successful()" classname="com.mcgill.ecse321.GameShop.service.WishListServiceTests" time="0.003"/>
  <testcase name="testAddGameToWishlistWithInvalidWishlistId()" classname="com.mcgill.ecse321.GameShop.service.WishListServiceTests" time="0.003"/>
  <testcase name="testRemoveGameFromWishlistInvalidWishlist()" classname="com.mcgill.ecse321.GameShop.service.WishListServiceTests" time="0.004"/>
  <testcase name="testUpdateWishListWithInvalidId()" classname="com.mcgill.ecse321.GameShop.service.WishListServiceTests" time="0.003"/>
  <testcase name="testCreateWishlistWithNullCustomerEmail()" classname="com.mcgill.ecse321.GameShop.service.WishListServiceTests" time="0.003"/>
  <testcase name="testAddGameToWishlist_Successful()" classname="com.mcgill.ecse321.GameShop.service.WishListServiceTests" time="0.003"/>
  <testcase name="testRemoveAllGamesFromWishlist_Successful()" classname="com.mcgill.ecse321.GameShop.service.WishListServiceTests" time="0.003"/>
  <testcase name="testCreateWishlistWithEmptyWishlistTitle()" classname="com.mcgill.ecse321.GameShop.service.WishListServiceTests" time="0.003"/>
  <testcase name="testUpdateWishListWithInvalidIdValue()" classname="com.mcgill.ecse321.GameShop.service.WishListServiceTests" time="0.003"/>
  <testcase name="testFindWishlistByInvalidId()" classname="com.mcgill.ecse321.GameShop.service.WishListServiceTests" time="0.003"/>
  <testcase name="testUpdateWishListWithEmptyTitle()" classname="com.mcgill.ecse321.GameShop.service.WishListServiceTests" time="0.003"/>
  <testcase name="testGetGameInWishList_Successful()" classname="com.mcgill.ecse321.GameShop.service.WishListServiceTests" time="0.003"/>
  <testcase name="testUpdateWishlistTitle_Successful()" classname="com.mcgill.ecse321.GameShop.service.WishListServiceTests" time="0.003"/>
  <testcase name="testCreateWishlistWithNullWishlistTitle()" classname="com.mcgill.ecse321.GameShop.service.WishListServiceTests" time="0.003"/>
  <testcase name="testGetWishlistSize_InvalidWishlistId()" classname="com.mcgill.ecse321.GameShop.service.WishListServiceTests" time="0.003"/>
  <testcase name="testAddGameToWishlistWithInvalidGameId()" classname="com.mcgill.ecse321.GameShop.service.WishListServiceTests" time="0.004"/>
  <testcase name="testRemoveAllGamesFromWishlist_InvalidWishlistId()" classname="com.mcgill.ecse321.GameShop.service.WishListServiceTests" time="0.003"/>
  <testcase name="testCreateWishlistWithNonExistentCustomer()" classname="com.mcgill.ecse321.GameShop.service.WishListServiceTests" time="0.003"/>
  <testcase name="testFindWishlistbyInvalidIdValue()" classname="com.mcgill.ecse321.GameShop.service.WishListServiceTests" time="0.003"/>
  <testcase name="testRemoveGameFromWishlist()" classname="com.mcgill.ecse321.GameShop.service.WishListServiceTests" time="0.012"/>
  <testcase name="testAddGameToWishlist_GameAlreadyInWishlist()" classname="com.mcgill.ecse321.GameShop.service.WishListServiceTests" time="0.004"/>
  <testcase name="testRemoveGameFromWishlistInvalidGame()" classname="com.mcgill.ecse321.GameShop.service.WishListServiceTests" time="0.003"/>
  <testcase name="testGetGameInWishList_InvalidWishlistId()" classname="com.mcgill.ecse321.GameShop.service.WishListServiceTests" time="0.002"/>
  <testcase name="testFindWishlistByValidId()" classname="com.mcgill.ecse321.GameShop.service.WishListServiceTests" time="0.002"/>
  <testcase name="testCreateWishlistWithEmptyCustomerEmail()" classname="com.mcgill.ecse321.GameShop.service.WishListServiceTests" time="0.003"/>
  <testcase name="testUpdateWishListWithNullTitle()" classname="com.mcgill.ecse321.GameShop.service.WishListServiceTests" time="0.003"/>
  <testcase name="testGetGamesInWishList_Successful()" classname="com.mcgill.ecse321.GameShop.service.WishListServiceTests" time="0.003"/>
  <system-out><![CDATA[2024-11-08T21:16:23.356-05:00  INFO 86700 --- [GameShop] [    Test worker] t.c.s.AnnotationConfigContextLoaderUtils : Could not detect default configuration classes for test class [com.mcgill.ecse321.GameShop.service.WishListServiceTests]: WishListServiceTests does not declare any static, non-private, non-final, nested classes annotated with @Configuration.
2024-11-08T21:16:23.358-05:00  INFO 86700 --- [GameShop] [    Test worker] .b.t.c.SpringBootTestContextBootstrapper : Found @SpringBootConfiguration com.mcgill.ecse321.GameShop.GameShopApplication for test class com.mcgill.ecse321.GameShop.service.WishListServiceTests
[]this print
[com.mcgill.ecse321.GameShop.model.Game@fe6ce4[game_id:789,description:Description,price:50,stockQuantity:10,photoUrl:photo.jpg]
  gameStatus=InStock]
[]
]]></system-out>
  <system-err><![CDATA[]]></system-err>
</testsuite>
