<?xml version="1.0" encoding="UTF-8"?>
<testsuite name="com.mcgill.ecse321.GameShop.repository.StaffRepositoryTests" tests="2" skipped="0" failures="0" errors="0" timestamp="2024-11-09T02:16:22" hostname="Marcs-MacBook.local" time="0.011">
  <properties/>
  <testcase name="testCreateAndReadManagerAccountAsStaff()" classname="com.mcgill.ecse321.GameShop.repository.StaffRepositoryTests" time="0.005"/>
  <testcase name="testCreateAndReadEmployeeAccountAsStaff()" classname="com.mcgill.ecse321.GameShop.repository.StaffRepositoryTests" time="0.005"/>
  <system-out><![CDATA[2024-11-08T21:16:22.128-05:00  INFO 86700 --- [GameShop] [    Test worker] t.c.s.AnnotationConfigContextLoaderUtils : Could not detect default configuration classes for test class [com.mcgill.ecse321.GameShop.repository.StaffRepositoryTests]: StaffRepositoryTests does not declare any static, non-private, non-final, nested classes annotated with @Configuration.
2024-11-08T21:16:22.128-05:00  INFO 86700 --- [GameShop] [    Test worker] .b.t.c.SpringBootTestContextBootstrapper : Found @SpringBootConfiguration com.mcgill.ecse321.GameShop.GameShopApplication for test class com.mcgill.ecse321.GameShop.repository.StaffRepositoryTests
]]></system-out>
  <system-err><![CDATA[]]></system-err>
</testsuite>
