<?xml version="1.0" encoding="UTF-8"?>
<testsuite name="com.mcgill.ecse321.GameShop.repository.CustomerRepositoryTests" tests="2" skipped="0" failures="0" errors="0" timestamp="2024-11-09T02:11:19" hostname="Marcs-MacBook.local" time="0.018">
  <properties/>
  <testcase name="testCreateAndReadCustomerAccountAsAccount()" classname="com.mcgill.ecse321.GameShop.repository.CustomerRepositoryTests" time="0.011"/>
  <testcase name="testCreateAndReadCustomerAsAccountWithCartReplacement()" classname="com.mcgill.ecse321.GameShop.repository.CustomerRepositoryTests" time="0.006"/>
  <system-out><![CDATA[2024-11-08T21:11:19.676-05:00  INFO 86047 --- [GameShop] [    Test worker] t.c.s.AnnotationConfigContextLoaderUtils : Could not detect default configuration classes for test class [com.mcgill.ecse321.GameShop.repository.CustomerRepositoryTests]: CustomerRepositoryTests does not declare any static, non-private, non-final, nested classes annotated with @Configuration.
2024-11-08T21:11:19.676-05:00  INFO 86047 --- [GameShop] [    Test worker] .b.t.c.SpringBootTestContextBootstrapper : Found @SpringBootConfiguration com.mcgill.ecse321.GameShop.GameShopApplication for test class com.mcgill.ecse321.GameShop.repository.CustomerRepositoryTests
]]></system-out>
  <system-err><![CDATA[]]></system-err>
</testsuite>
