<?xml version="1.0" encoding="UTF-8"?>
<testsuite name="com.mcgill.ecse321.GameShop.integration.PlatformIntegrationTests" tests="6" skipped="0" failures="0" errors="0" timestamp="2024-11-09T02:09:06" hostname="Marcs-MacBook.local" time="0.082">
  <properties/>
  <testcase name="testCreateValidPlatform()" classname="com.mcgill.ecse321.GameShop.integration.PlatformIntegrationTests" time="0.018"/>
  <testcase name="testGetPlatformById()" classname="com.mcgill.ecse321.GameShop.integration.PlatformIntegrationTests" time="0.004"/>
  <testcase name="testUpdatePlatform()" classname="com.mcgill.ecse321.GameShop.integration.PlatformIntegrationTests" time="0.005"/>
  <testcase name="testGetAllPlatforms()" classname="com.mcgill.ecse321.GameShop.integration.PlatformIntegrationTests" time="0.011"/>
  <testcase name="testDeletePlatform()" classname="com.mcgill.ecse321.GameShop.integration.PlatformIntegrationTests" time="0.01"/>
  <testcase name="testFindAllGamesInPlatform()" classname="com.mcgill.ecse321.GameShop.integration.PlatformIntegrationTests" time="0.034"/>
  <system-out><![CDATA[2024-11-08T21:09:06.503-05:00  INFO 85838 --- [GameShop] [    Test worker] t.c.s.AnnotationConfigContextLoaderUtils : Could not detect default configuration classes for test class [com.mcgill.ecse321.GameShop.integration.PlatformIntegrationTests]: PlatformIntegrationTests does not declare any static, non-private, non-final, nested classes annotated with @Configuration.
2024-11-08T21:09:06.504-05:00  INFO 85838 --- [GameShop] [    Test worker] .b.t.c.SpringBootTestContextBootstrapper : Found @SpringBootConfiguration com.mcgill.ecse321.GameShop.GameShopApplication for test class com.mcgill.ecse321.GameShop.integration.PlatformIntegrationTests
Response status code for DELETE: 200 OK
]]></system-out>
  <system-err><![CDATA[]]></system-err>
</testsuite>
