<?xml version="1.0" encoding="UTF-8"?>
<testsuite name="com.mcgill.ecse321.GameShop.repository.ReplyRepositoryTests" tests="2" skipped="0" failures="0" errors="0" timestamp="2024-11-09T02:11:20" hostname="Marcs-MacBook.local" time="0.03">
  <properties/>
  <testcase name="testCreateAndReadReply()" classname="com.mcgill.ecse321.GameShop.repository.ReplyRepositoryTests" time="0.018"/>
  <testcase name="testCreateMultipleRepliesToReview()" classname="com.mcgill.ecse321.GameShop.repository.ReplyRepositoryTests" time="0.012"/>
  <system-out><![CDATA[2024-11-08T21:11:20.254-05:00  INFO 86047 --- [GameShop] [    Test worker] t.c.s.AnnotationConfigContextLoaderUtils : Could not detect default configuration classes for test class [com.mcgill.ecse321.GameShop.repository.ReplyRepositoryTests]: ReplyRepositoryTests does not declare any static, non-private, non-final, nested classes annotated with @Configuration.
2024-11-08T21:11:20.255-05:00  INFO 86047 --- [GameShop] [    Test worker] .b.t.c.SpringBootTestContextBootstrapper : Found @SpringBootConfiguration com.mcgill.ecse321.GameShop.GameShopApplication for test class com.mcgill.ecse321.GameShop.repository.ReplyRepositoryTests
]]></system-out>
  <system-err><![CDATA[]]></system-err>
</testsuite>
