<?xml version="1.0" encoding="UTF-8"?>
<testsuite name="com.mcgill.ecse321.GameShop.repository.SpecificGameRepositoryTests" tests="3" skipped="0" failures="0" errors="0" timestamp="2024-11-09T02:09:07" hostname="Marcs-MacBook.local" time="0.038">
  <properties/>
  <testcase name="TestCreateAndReadSpecificGame()" classname="com.mcgill.ecse321.GameShop.repository.SpecificGameRepositoryTests" time="0.016"/>
  <testcase name="testMultipleSpecificGamesWithSameGame()" classname="com.mcgill.ecse321.GameShop.repository.SpecificGameRepositoryTests" time="0.007"/>
  <testcase name="testMultipleSpecificGamesWithSameOrder()" classname="com.mcgill.ecse321.GameShop.repository.SpecificGameRepositoryTests" time="0.014"/>
  <system-out><![CDATA[2024-11-08T21:09:07.430-05:00  INFO 85838 --- [GameShop] [    Test worker] t.c.s.AnnotationConfigContextLoaderUtils : Could not detect default configuration classes for test class [com.mcgill.ecse321.GameShop.repository.SpecificGameRepositoryTests]: SpecificGameRepositoryTests does not declare any static, non-private, non-final, nested classes annotated with @Configuration.
2024-11-08T21:09:07.431-05:00  INFO 85838 --- [GameShop] [    Test worker] .b.t.c.SpringBootTestContextBootstrapper : Found @SpringBootConfiguration com.mcgill.ecse321.GameShop.GameShopApplication for test class com.mcgill.ecse321.GameShop.repository.SpecificGameRepositoryTests
]]></system-out>
  <system-err><![CDATA[]]></system-err>
</testsuite>
