<?xml version="1.0" encoding="UTF-8"?>
<testsuite name="com.mcgill.ecse321.GameShop.repository.AccountRepositoryTests" tests="4" skipped="0" failures="0" errors="0" timestamp="2024-11-09T02:09:06" hostname="Marcs-MacBook.local" time="0.043">
  <properties/>
  <testcase name="testCreateAndReadEmployeeAccount()" classname="com.mcgill.ecse321.GameShop.repository.AccountRepositoryTests" time="0.014"/>
  <testcase name="testCreateAndReadCustomerWithCartReplacement()" classname="com.mcgill.ecse321.GameShop.repository.AccountRepositoryTests" time="0.014"/>
  <testcase name="testCreateAndReadCustomerAccount()" classname="com.mcgill.ecse321.GameShop.repository.AccountRepositoryTests" time="0.008"/>
  <testcase name="testCreateAndReadManagerAccount()" classname="com.mcgill.ecse321.GameShop.repository.AccountRepositoryTests" time="0.006"/>
  <system-out><![CDATA[2024-11-08T21:09:06.651-05:00  INFO 85838 --- [GameShop] [    Test worker] t.c.s.AnnotationConfigContextLoaderUtils : Could not detect default configuration classes for test class [com.mcgill.ecse321.GameShop.repository.AccountRepositoryTests]: AccountRepositoryTests does not declare any static, non-private, non-final, nested classes annotated with @Configuration.
2024-11-08T21:09:06.656-05:00  INFO 85838 --- [GameShop] [    Test worker] .b.t.c.SpringBootTestContextBootstrapper : Found @SpringBootConfiguration com.mcgill.ecse321.GameShop.GameShopApplication for test class com.mcgill.ecse321.GameShop.repository.AccountRepositoryTests
]]></system-out>
  <system-err><![CDATA[]]></system-err>
</testsuite>
