<?xml version="1.0" encoding="UTF-8"?>
<testsuite name="com.mcgill.ecse321.GameShop.repository.PlatformRepositoryTests" tests="2" skipped="0" failures="0" errors="0" timestamp="2024-11-09T02:09:06" hostname="Marcs-MacBook.local" time="0.468">
  <properties/>
  <testcase name="testCreateAndReadPlatform()" classname="com.mcgill.ecse321.GameShop.repository.PlatformRepositoryTests" time="0.01"/>
  <testcase name="testUpdatePlatformName()" classname="com.mcgill.ecse321.GameShop.repository.PlatformRepositoryTests" time="0.009"/>
  <system-out><![CDATA[2024-11-08T21:09:06.856-05:00  INFO 85838 --- [GameShop] [    Test worker] t.c.s.AnnotationConfigContextLoaderUtils : Could not detect default configuration classes for test class [com.mcgill.ecse321.GameShop.repository.PlatformRepositoryTests]: PlatformRepositoryTests does not declare any static, non-private, non-final, nested classes annotated with @Configuration.
2024-11-08T21:09:06.856-05:00  INFO 85838 --- [GameShop] [    Test worker] .b.t.c.SpringBootTestContextBootstrapper : Found @SpringBootConfiguration com.mcgill.ecse321.GameShop.GameShopApplication for test class com.mcgill.ecse321.GameShop.repository.PlatformRepositoryTests
2024-11-08T21:09:06.864-05:00  INFO 85838 --- [GameShop] [    Test worker] j.LocalContainerEntityManagerFactoryBean : Closing JPA EntityManagerFactory for persistence unit 'default'
2024-11-08T21:09:06.865-05:00  INFO 85838 --- [GameShop] [    Test worker] com.zaxxer.hikari.HikariDataSource       : HikariPool-1 - Shutdown initiated...
2024-11-08T21:09:06.867-05:00  INFO 85838 --- [GameShop] [    Test worker] com.zaxxer.hikari.HikariDataSource       : HikariPool-1 - Shutdown completed.

  .   ____          _            __ _ _
 /\\ / ___'_ __ _ _(_)_ __  __ _ \ \ \ \
( ( )\___ | '_ | '_| | '_ \/ _` | \ \ \ \
 \\/  ___)| |_)| | | | | || (_| |  ) ) ) )
  '  |____| .__|_| |_|_| |_\__, | / / / /
 =========|_|==============|___/=/_/_/_/

 :: Spring Boot ::                (v3.3.4)

2024-11-08T21:09:06.877-05:00  INFO 85838 --- [GameShop] [    Test worker] c.m.e.G.r.PlatformRepositoryTests        : Starting PlatformRepositoryTests using Java 21.0.4 with PID 85838 (started by marcgermanos in /Users/marcgermanos/Desktop/project-group-10/GameShop)
2024-11-08T21:09:06.877-05:00  INFO 85838 --- [GameShop] [    Test worker] c.m.e.G.r.PlatformRepositoryTests        : No active profile set, falling back to 1 default profile: "default"
2024-11-08T21:09:06.943-05:00  INFO 85838 --- [GameShop] [    Test worker] .s.d.r.c.RepositoryConfigurationDelegate : Bootstrapping Spring Data JPA repositories in DEFAULT mode.
2024-11-08T21:09:06.955-05:00  INFO 85838 --- [GameShop] [    Test worker] .s.d.r.c.RepositoryConfigurationDelegate : Finished Spring Data repository scanning in 12 ms. Found 15 JPA repository interfaces.
2024-11-08T21:09:06.981-05:00  INFO 85838 --- [GameShop] [    Test worker] o.hibernate.jpa.internal.util.LogHelper  : HHH000204: Processing PersistenceUnitInfo [name: default]
2024-11-08T21:09:06.982-05:00  INFO 85838 --- [GameShop] [    Test worker] o.h.c.internal.RegionFactoryInitiator    : HHH000026: Second-level cache disabled
2024-11-08T21:09:06.985-05:00  INFO 85838 --- [GameShop] [    Test worker] o.s.o.j.p.SpringPersistenceUnitInfo      : No LoadTimeWeaver setup: ignoring JPA class transformer
2024-11-08T21:09:06.986-05:00  INFO 85838 --- [GameShop] [    Test worker] com.zaxxer.hikari.HikariDataSource       : HikariPool-3 - Starting...
2024-11-08T21:09:06.994-05:00  INFO 85838 --- [GameShop] [    Test worker] com.zaxxer.hikari.pool.HikariPool        : HikariPool-3 - Added connection org.postgresql.jdbc.PgConnection@1392dc4e
2024-11-08T21:09:06.994-05:00  INFO 85838 --- [GameShop] [    Test worker] com.zaxxer.hikari.HikariDataSource       : HikariPool-3 - Start completed.
2024-11-08T21:09:06.996-05:00  WARN 85838 --- [GameShop] [    Test worker] org.hibernate.orm.deprecation            : HHH90000025: PostgreSQLDialect does not need to be specified explicitly using 'hibernate.dialect' (remove the property setting and it will be selected by default)
2024-11-08T21:09:07.056-05:00  INFO 85838 --- [GameShop] [    Test worker] o.h.m.i.EntityInstantiatorPojoStandard   : HHH000182: No default (no-argument) constructor for class: com.mcgill.ecse321.GameShop.model.Order (class must be instantiated by Interceptor)
2024-11-08T21:09:07.090-05:00  INFO 85838 --- [GameShop] [    Test worker] o.h.e.t.j.p.i.JtaPlatformInitiator       : HHH000489: No JTA platform available (set 'hibernate.transaction.jta.platform' to enable JTA platform integration)
2024-11-08T21:09:07.217-05:00  INFO 85838 --- [GameShop] [    Test worker] j.LocalContainerEntityManagerFactoryBean : Initialized JPA EntityManagerFactory for persistence unit 'default'
2024-11-08T21:09:07.263-05:00  WARN 85838 --- [GameShop] [    Test worker] JpaBaseConfiguration$JpaWebConfiguration : spring.jpa.open-in-view is enabled by default. Therefore, database queries may be performed during view rendering. Explicitly configure spring.jpa.open-in-view to disable this warning
2024-11-08T21:09:07.315-05:00  INFO 85838 --- [GameShop] [    Test worker] c.m.e.G.r.PlatformRepositoryTests        : Started PlatformRepositoryTests in 0.447 seconds (process running for 6.657)
]]></system-out>
  <system-err><![CDATA[]]></system-err>
</testsuite>
