<?xml version="1.0" encoding="UTF-8"?>
<testsuite name="com.mcgill.ecse321.GameShop.repository.PromotionRepositoryTests" tests="3" skipped="0" failures="0" errors="0" timestamp="2024-11-09T02:16:21" hostname="Marcs-MacBook.local" time="0.022">
  <properties/>
  <testcase name="testCreateAndReadPromotion()" classname="com.mcgill.ecse321.GameShop.repository.PromotionRepositoryTests" time="0.008"/>
  <testcase name="testPromotionWithMultipleGames()" classname="com.mcgill.ecse321.GameShop.repository.PromotionRepositoryTests" time="0.006"/>
  <testcase name="testOverlappingPromotionsForSameGame()" classname="com.mcgill.ecse321.GameShop.repository.PromotionRepositoryTests" time="0.006"/>
  <system-out><![CDATA[2024-11-08T21:16:21.900-05:00  INFO 86700 --- [GameShop] [    Test worker] t.c.s.AnnotationConfigContextLoaderUtils : Could not detect default configuration classes for test class [com.mcgill.ecse321.GameShop.repository.PromotionRepositoryTests]: PromotionRepositoryTests does not declare any static, non-private, non-final, nested classes annotated with @Configuration.
2024-11-08T21:16:21.901-05:00  INFO 86700 --- [GameShop] [    Test worker] .b.t.c.SpringBootTestContextBootstrapper : Found @SpringBootConfiguration com.mcgill.ecse321.GameShop.GameShopApplication for test class com.mcgill.ecse321.GameShop.repository.PromotionRepositoryTests
]]></system-out>
  <system-err><![CDATA[]]></system-err>
</testsuite>
