<?xml version="1.0" encoding="UTF-8"?>
<testsuite name="com.mcgill.ecse321.GameShop.GameShopApplicationTests" tests="1" skipped="0" failures="0" errors="0" timestamp="2024-11-09T02:15:17" hostname="Marcs-MacBook.local" time="0.299">
  <properties/>
  <testcase name="contextLoads()" classname="com.mcgill.ecse321.GameShop.GameShopApplicationTests" time="0.299"/>
  <system-out><![CDATA[21:15:14.386 [Test worker] INFO org.springframework.test.context.support.AnnotationConfigContextLoaderUtils -- Could not detect default configuration classes for test class [com.mcgill.ecse321.GameShop.GameShopApplicationTests]: GameShopApplicationTests does not declare any static, non-private, non-final, nested classes annotated with @Configuration.
21:15:14.453 [Test worker] INFO org.springframework.boot.test.context.SpringBootTestContextBootstrapper -- Found @SpringBootConfiguration com.mcgill.ecse321.GameShop.GameShopApplication for test class com.mcgill.ecse321.GameShop.GameShopApplicationTests

  .   ____          _            __ _ _
 /\\ / ___'_ __ _ _(_)_ __  __ _ \ \ \ \
( ( )\___ | '_ | '_| | '_ \/ _` | \ \ \ \
 \\/  ___)| |_)| | | | | || (_| |  ) ) ) )
  '  |____| .__|_| |_|_| |_\__, | / / / /
 =========|_|==============|___/=/_/_/_/

 :: Spring Boot ::                (v3.3.4)

2024-11-08T21:15:14.666-05:00  INFO 86551 --- [GameShop] [    Test worker] c.m.e.GameShop.GameShopApplicationTests  : Starting GameShopApplicationTests using Java 21.0.4 with PID 86551 (started by marcgermanos in /Users/marcgermanos/Desktop/project-group-10/GameShop)
2024-11-08T21:15:14.667-05:00  INFO 86551 --- [GameShop] [    Test worker] c.m.e.GameShop.GameShopApplicationTests  : No active profile set, falling back to 1 default profile: "default"
2024-11-08T21:15:15.114-05:00  INFO 86551 --- [GameShop] [    Test worker] .s.d.r.c.RepositoryConfigurationDelegate : Bootstrapping Spring Data JPA repositories in DEFAULT mode.
2024-11-08T21:15:15.163-05:00  INFO 86551 --- [GameShop] [    Test worker] .s.d.r.c.RepositoryConfigurationDelegate : Finished Spring Data repository scanning in 40 ms. Found 15 JPA repository interfaces.
2024-11-08T21:15:15.397-05:00  INFO 86551 --- [GameShop] [    Test worker] o.hibernate.jpa.internal.util.LogHelper  : HHH000204: Processing PersistenceUnitInfo [name: default]
2024-11-08T21:15:15.430-05:00  INFO 86551 --- [GameShop] [    Test worker] org.hibernate.Version                    : HHH000412: Hibernate ORM core version 6.5.3.Final
2024-11-08T21:15:15.449-05:00  INFO 86551 --- [GameShop] [    Test worker] o.h.c.internal.RegionFactoryInitiator    : HHH000026: Second-level cache disabled
2024-11-08T21:15:15.643-05:00  INFO 86551 --- [GameShop] [    Test worker] o.s.o.j.p.SpringPersistenceUnitInfo      : No LoadTimeWeaver setup: ignoring JPA class transformer
2024-11-08T21:15:15.663-05:00  INFO 86551 --- [GameShop] [    Test worker] com.zaxxer.hikari.HikariDataSource       : HikariPool-1 - Starting...
2024-11-08T21:15:15.797-05:00  INFO 86551 --- [GameShop] [    Test worker] com.zaxxer.hikari.pool.HikariPool        : HikariPool-1 - Added connection org.postgresql.jdbc.PgConnection@73ae7ce4
2024-11-08T21:15:15.798-05:00  INFO 86551 --- [GameShop] [    Test worker] com.zaxxer.hikari.HikariDataSource       : HikariPool-1 - Start completed.
2024-11-08T21:15:15.821-05:00  WARN 86551 --- [GameShop] [    Test worker] org.hibernate.orm.deprecation            : HHH90000025: PostgreSQLDialect does not need to be specified explicitly using 'hibernate.dialect' (remove the property setting and it will be selected by default)
2024-11-08T21:15:16.428-05:00  INFO 86551 --- [GameShop] [    Test worker] o.h.m.i.EntityInstantiatorPojoStandard   : HHH000182: No default (no-argument) constructor for class: com.mcgill.ecse321.GameShop.model.Order (class must be instantiated by Interceptor)
2024-11-08T21:15:16.605-05:00  INFO 86551 --- [GameShop] [    Test worker] o.h.e.t.j.p.i.JtaPlatformInitiator       : HHH000489: No JTA platform available (set 'hibernate.transaction.jta.platform' to enable JTA platform integration)
2024-11-08T21:15:16.786-05:00  INFO 86551 --- [GameShop] [    Test worker] j.LocalContainerEntityManagerFactoryBean : Initialized JPA EntityManagerFactory for persistence unit 'default'
2024-11-08T21:15:17.201-05:00  WARN 86551 --- [GameShop] [    Test worker] JpaBaseConfiguration$JpaWebConfiguration : spring.jpa.open-in-view is enabled by default. Therefore, database queries may be performed during view rendering. Explicitly configure spring.jpa.open-in-view to disable this warning
2024-11-08T21:15:17.447-05:00  INFO 86551 --- [GameShop] [    Test worker] c.m.e.GameShop.GameShopApplicationTests  : Started GameShopApplicationTests in 2.913 seconds (process running for 3.811)
]]></system-out>
  <system-err><![CDATA[WARNING: A Java agent has been loaded dynamically (/Users/marcgermanos/.gradle/caches/modules-2/files-2.1/net.bytebuddy/byte-buddy-agent/1.14.19/154da3a65b4f4a909d3e5bdec55d1b2b4cbb6ce1/byte-buddy-agent-1.14.19.jar)
WARNING: If a serviceability tool is in use, please run with -XX:+EnableDynamicAgentLoading to hide this warning
WARNING: If a serviceability tool is not in use, please run with -Djdk.instrument.traceUsage for more information
WARNING: Dynamic loading of agents will be disallowed by default in a future release
]]></system-err>
</testsuite>
